#
# There is insufficient memory for the Java Runtime Environment to continue.
# Native memory allocation (mmap) failed to map 134217728 bytes. Error detail: G1 virtual space
# Possible reasons:
#   The system is out of physical RAM or swap space
#   This process is running with CompressedOops enabled, and the Java Heap may be blocking the growth of the native heap
# Possible solutions:
#   Reduce memory load on the system
#   Increase physical memory or swap space
#   Check if swap backing store is full
#   Decrease Java heap size (-Xmx/-Xms)
#   Decrease number of Java threads
#   Decrease Java thread stack sizes (-Xss)
#   Set larger code cache with -XX:ReservedCodeCacheSize=
#   JVM is running with Unscaled Compressed Oops mode in which the Java heap is
#     placed in the first 4GB address space. The Java Heap base address is the
#     maximum limit for the native heap growth. Please use -XX:HeapBaseMinAddress
#     to set the Java Heap base and to place the Java Heap above 4GB virtual address.
# This output file may be truncated or incomplete.
#
#  Out of Memory Error (os_windows.cpp:3554), pid=22788, tid=5060
#
# JRE version:  (25.0.3+9) (build )
# Java VM: Java HotSpot(TM) 64-Bit Server VM (25.0.3+9-LTS-195, mixed mode, sharing, tiered, compressed oops, compressed class ptrs, g1 gc, windows-amd64)
# No core dump will be written. Minidumps are not enabled by default on client versions of Windows
#

---------------  S U M M A R Y ------------

Command Line: -Xmx128m org.apache.spark.launcher.Main org.apache.spark.deploy.SparkSubmit --conf spark.app.name=FraudDetection pyspark-shell

Host: AMD Ryzen 7 6800H with Radeon Graphics         , 16 cores, 15G,  Windows 11 , 64 bit Build 26100 (10.0.26100.8246)
Time: Tue May  5 11:14:44 2026 India Standard Time elapsed time: 1.022530 seconds (0d 0h 0m 1s)

---------------  T H R E A D  ---------------

Current thread (0x000001b00bbff210):  JavaThread "Unknown thread" [_thread_in_vm, id=5060, stack(0x0000006559d00000,0x0000006559e00000) (1024K)]

Stack: [0x0000006559d00000,0x0000006559e00000]
Native frames: (J=compiled Java code, j=interpreted, Vv=VM code, C=native code)
V  [jvm.dll+0x7a7d69]  (no source info available)
V  [jvm.dll+0x7739dd]  (no source info available)
V  [jvm.dll+0x9669f3]  (no source info available)
V  [jvm.dll+0x968ff1]  (no source info available)
V  [jvm.dll+0x969703]  (no source info available)
V  [jvm.dll+0x2fc9e6]  (no source info available)
V  [jvm.dll+0x7a3f95]  (no source info available)
V  [jvm.dll+0x7973a7]  (no source info available)
V  [jvm.dll+0x3f4e38]  (no source info available)
V  [jvm.dll+0x3fcd86]  (no source info available)
V  [jvm.dll+0x3e942e]  (no source info available)
V  [jvm.dll+0x3e96e8]  (no source info available)
V  [jvm.dll+0x3c0435]  (no source info available)
V  [jvm.dll+0x3c10be]  (no source info available)
V  [jvm.dll+0x92da97]  (no source info available)
V  [jvm.dll+0x4593d2]  (no source info available)
V  [jvm.dll+0x911442]  (no source info available)
V  [jvm.dll+0x4f9ef1]  (no source info available)
V  [jvm.dll+0x4fb781]  (no source info available)
C  [jli.dll+0x543e]  (no source info available)
C  [ucrtbase.dll+0x37b0]  (no source info available)
C  [KERNEL32.DLL+0x2e8d7]  (no source info available)
C  [ntdll.dll+0x8c3fc]  (no source info available)

Lock stack of current Java thread (top to bottom):


---------------  P R O C E S S  ---------------

Threads class SMR info:
_java_thread_list=0x00007ffa793a6388, length=0, elements={
}

Java Threads: ( => current thread )
Total: 0

Other Threads:
  0x000001b00bc45de0 WorkerThread "GC Thread#0"                     [id=18584, stack(0x0000006559e00000,0x0000006559f00000) (1024K)]
  0x000001b00bc486b0 ConcurrentGCThread "G1 Main Marker"            [id=928, stack(0x0000006559f00000,0x000000655a000000) (1024K)]
  0x000001b00bc4a840 WorkerThread "G1 Conc#0"                       [id=14208, stack(0x000000655a000000,0x000000655a100000) (1024K)]

[error occurred during error reporting (printing all threads), id 0xc0000005, EXCEPTION_ACCESS_VIOLATION (0xc0000005) at pc=0x00007ffa78a853da]
VM state: not at safepoint (not fully initialized)

VM Mutex/Monitor currently owned by a thread:  ([mutex/lock_event])
[0x00007ffa7942a788] Heap_lock - owner thread: 0x000001b00bbff210

Heap address: 0x00000000f8000000, size: 128 MB, Compressed Oops mode: 32-bit

CDS archive(s) mapped at: [0x0000000000000000-0x0000000000000000-0x0000000000000000), size 0, SharedBaseAddress: 0x0000000800000000, ArchiveRelocationMode: 1.
UseCompressedClassPointers 1, UseCompactObjectHeaders 0
Narrow klass pointer bits 32, Max shift 3
Narrow klass base: 0xffffffffffffffff, Narrow klass shift: -1
Encoding Range: [0xffffffffffffffff - 0x000000007fffffff), (2147483648 bytes)
Klass Range:    [0x0000000000000000 - 0x0000000000000000), (0 bytes)
Klass ID Range:  [4294967295 - 0) (1)
No protection zone.

GC Precious Log:
 CardTable entry size: 512
 Card Set container configuration: InlinePtr #cards 5 size 8 Array Of Cards #cards 10 size 36 Howl #buckets 4 coarsen threshold 1843 Howl Bitmap #cards 512 size 80 coarsen threshold 460 Card regions per heap region 1 cards per card region 2048

Heap:
 garbage-first heap   total reserved 131072K, committed 0K, used 0K [0x00000000f8000000, 0x0000000100000000)
  region size 1024K, 0 young (0K), 0 survivors (0K)

Heap Regions: E=young(eden), S=young(survivor), O=old, HS=humongous(starts), HC=humongous(continues), CS=collection set, F=free, TAMS=top-at-mark-start, PB=parsable bottom

Card table byte_map: [0x000001b00bae0000,0x000001b00bb20000] _byte_map_base: 0x000001b00b320000

Marking Bits: (CMBitMap*) 0x000001b00bc46570
 Bits: [0x000001b023d20000, 0x000001b023f20000)

GC Heap Usage History (0 events):
No events

Metaspace Usage History (0 events):
No events

Dll operation events (1 events):
Event: 0.008 Loaded shared library C:\Program Files\Java\jdk-25.0.3\bin\java.dll

Deoptimization events (0 events):
No events

Classes loaded (0 events):
No events

Classes unloaded (0 events):
No events

Classes redefined (0 events):
No events

Internal exceptions (0 events):
No events

VM Operations (0 events):
No events

Memory protections (0 events):
No events

Nmethod flushes (0 events):
No events

Events (0 events):
No events


Dynamic libraries:
0x00007ff728590000 - 0x00007ff7285a0000 	C:\Program Files\Java\jdk-25.0.3\bin\java.exe
0x00007ffb2ff00000 - 0x00007ffb30167000 	C:\WINDOWS\SYSTEM32\ntdll.dll
0x00007ffb2dc90000 - 0x00007ffb2dd59000 	C:\WINDOWS\System32\KERNEL32.DLL
0x00007ffb2c920000 - 0x00007ffb2cd14000 	C:\WINDOWS\System32\KERNELBASE.dll
0x00007ffb2cf80000 - 0x00007ffb2d0cb000 	C:\WINDOWS\System32\ucrtbase.dll
0x00007ffb13360000 - 0x00007ffb13377000 	C:\Program Files\Java\jdk-25.0.3\bin\jli.dll
0x00007ffb15750000 - 0x00007ffb1576e000 	C:\Program Files\Java\jdk-25.0.3\bin\VCRUNTIME140.dll
0x00007ffb2fc50000 - 0x00007ffb2fe15000 	C:\WINDOWS\System32\USER32.dll
0x00007ffb0fd70000 - 0x00007ffb10003000 	C:\WINDOWS\WinSxS\amd64_microsoft.windows.common-controls_6595b64144ccf1df_6.0.26100.8115_none_3e075c82e3354f9c\COMCTL32.dll
0x00007ffb2cf50000 - 0x00007ffb2cf77000 	C:\WINDOWS\System32\win32u.dll
0x00007ffb2fb80000 - 0x00007ffb2fc29000 	C:\WINDOWS\System32\msvcrt.dll
0x00007ffb2ed10000 - 0x00007ffb2ed3b000 	C:\WINDOWS\System32\GDI32.dll
0x00007ffb2db60000 - 0x00007ffb2dc8b000 	C:\WINDOWS\System32\gdi32full.dll
0x00007ffb2cea0000 - 0x00007ffb2cf43000 	C:\WINDOWS\System32\msvcp_win.dll
0x00007ffb2df30000 - 0x00007ffb2df62000 	C:\WINDOWS\System32\IMM32.DLL
0x00007ffb27260000 - 0x00007ffb2726c000 	C:\Program Files\Java\jdk-25.0.3\bin\vcruntime140_1.dll
0x00007ffb13270000 - 0x00007ffb132fd000 	C:\Program Files\Java\jdk-25.0.3\bin\msvcp140.dll
0x00007ffa786b0000 - 0x00007ffa79510000 	C:\Program Files\Java\jdk-25.0.3\bin\server\jvm.dll
0x00007ffb2df70000 - 0x00007ffb2e026000 	C:\WINDOWS\System32\ADVAPI32.dll
0x00007ffb2ee80000 - 0x00007ffb2ef27000 	C:\WINDOWS\System32\sechost.dll
0x00007ffb2f080000 - 0x00007ffb2f198000 	C:\WINDOWS\System32\RPCRT4.dll
0x00007ffb2edf0000 - 0x00007ffb2ee70000 	C:\WINDOWS\System32\WS2_32.dll
0x00007ffb2c480000 - 0x00007ffb2c4de000 	C:\WINDOWS\SYSTEM32\POWRPROF.dll
0x00007ffb1cfd0000 - 0x00007ffb1d006000 	C:\WINDOWS\SYSTEM32\WINMM.dll
0x00007ffb24610000 - 0x00007ffb2461b000 	C:\WINDOWS\SYSTEM32\VERSION.dll
0x00007ffb2c460000 - 0x00007ffb2c474000 	C:\WINDOWS\SYSTEM32\UMPDC.dll
0x00007ffb2b560000 - 0x00007ffb2b57b000 	C:\WINDOWS\SYSTEM32\kernel.appcore.dll
0x00007ffb23d90000 - 0x00007ffb23d9a000 	C:\Program Files\Java\jdk-25.0.3\bin\jimage.dll
0x00007ffb22f90000 - 0x00007ffb231d2000 	C:\WINDOWS\SYSTEM32\DBGHELP.DLL
0x00007ffb2e5a0000 - 0x00007ffb2e922000 	C:\WINDOWS\System32\combase.dll
0x00007ffb2e4c0000 - 0x00007ffb2e598000 	C:\WINDOWS\System32\OLEAUT32.dll
0x00007ffb05d30000 - 0x00007ffb05d6b000 	C:\WINDOWS\SYSTEM32\dbgcore.DLL
0x00007ffb2d0d0000 - 0x00007ffb2d175000 	C:\WINDOWS\System32\bcryptPrimitives.dll
0x00007ffb12a50000 - 0x00007ffb12a6f000 	C:\Program Files\Java\jdk-25.0.3\bin\java.dll
0x00007ffb2f990000 - 0x00007ffb2fb27000 	C:\WINDOWS\System32\ole32.dll
0x00007ffb2f1a0000 - 0x00007ffb2f907000 	C:\WINDOWS\System32\SHELL32.dll
0x00007ffb2d180000 - 0x00007ffb2d2ea000 	C:\WINDOWS\System32\wintypes.dll

JVMTI agents: none

dbghelp: loaded successfully - version: 4.0.5 - missing functions: none
symbol engine: initialized successfully - sym options: 0x614 - pdb path: .;C:\Program Files\Java\jdk-25.0.3\bin;C:\WINDOWS\SYSTEM32;C:\WINDOWS\WinSxS\amd64_microsoft.windows.common-controls_6595b64144ccf1df_6.0.26100.8115_none_3e075c82e3354f9c;C:\Program Files\Java\jdk-25.0.3\bin\server

VM Arguments:
jvm_args: -Xmx128m 
java_command: org.apache.spark.launcher.Main org.apache.spark.deploy.SparkSubmit --conf spark.app.name=FraudDetection pyspark-shell
java_class_path (initial): C:\Users\dhruv\AppData\Local\Programs\Python\Python311\Lib\site-packages\pyspark\bin\..\jars\aircompressor-2.0.2.jar;C:\Users\dhruv\AppData\Local\Programs\Python\Python311\Lib\site-packages\pyspark\bin\..\jars\algebra_2.13-2.8.0.jar;C:\Users\dhruv\AppData\Local\Programs\Python\Python311\Lib\site-packages\pyspark\bin\..\jars\antlr-runtime-3.5.2.jar;C:\Users\dhruv\AppData\Local\Programs\Python\Python311\Lib\site-packages\pyspark\bin\..\jars\antlr4-runtime-4.13.1.jar;C:\Users\dhruv\AppData\Local\Programs\Python\Python311\Lib\site-packages\pyspark\bin\..\jars\aopalliance-repackaged-3.0.6.jar;C:\Users\dhruv\AppData\Local\Programs\Python\Python311\Lib\site-packages\pyspark\bin\..\jars\arpack-3.0.4.jar;C:\Users\dhruv\AppData\Local\Programs\Python\Python311\Lib\site-packages\pyspark\bin\..\jars\arpack_combined_all-0.1.jar;C:\Users\dhruv\AppData\Local\Programs\Python\Python311\Lib\site-packages\pyspark\bin\..\jars\arrow-compression-18.3.0.jar;C:\Users\dhruv\AppData\Local\Programs\Python\Python311\Lib\site-packages\pyspark\bin\..\jars\arrow-format-18.3.0.jar;C:\Users\dhruv\AppData\Local\Programs\Python\Python311\Lib\site-packages\pyspark\bin\..\jars\arrow-memory-core-18.3.0.jar;C:\Users\dhruv\AppData\Local\Programs\Python\Python311\Lib\site-packages\pyspark\bin\..\jars\arrow-memory-netty-18.3.0.jar;C:\Users\dhruv\AppData\Local\Programs\Python\Python311\Lib\site-packages\pyspark\bin\..\jars\arrow-memory-netty-buffer-patch-18.3.0.jar;C:\Users\dhruv\AppData\Local\Programs\Python\Python311\Lib\site-packages\pyspark\bin\..\jars\arrow-vector-18.3.0.jar;C:\Users\dhruv\AppData\Local\Programs\Python\Python311\Lib\site-packages\pyspark\bin\..\jars\audience-annotations-0.12.0.jar;C:\Users\dhruv\AppData\Local\Programs\Python\Python311\Lib\site-packages\pyspark\bin\..\jars\avro-1.12.1.jar;C:\Users\dhruv\AppData\Local\Programs\Python\Python311\Lib\site-packages\pyspark\bin\..\jars\avro-ipc-1.12.1.jar;C:\Users\dhruv\AppData\Local\Programs\Python\Python311\Lib\site-packages\pyspark\bin\..\jars\avro-mapred-1.12.1.jar;C:\Users\dhruv\AppData\Local\Programs\Python\Python311\Lib\site-packages\pyspark\bin\..\jars\blas-3.0.4.jar;C:\Users\dhruv\AppData\Local\Programs\Python\Python311\Lib\site-packages\pyspark\bin\..\jars\breeze-macros_2.13-2.1.0.jar;C:\Users\dhruv\AppData\Local\Programs\Python\Python311\Lib\site-packages\pyspark\bin\..\jars\breeze_2.13-2.1.0.jar;C:\Users\dhruv\AppData\Local\Programs\Python\Python311\Lib\site-packages\pyspark\bin\..\jars\cats-kernel_2.13-2.8.0.jar;C:\Users\dhruv\AppData\Local\Programs\Python\Python311\Lib\site-packages\pyspark\bin\..\jars\chill-java-0.10.0.jar;C:\Users\dhruv\AppData\Local\Programs\Python\Python311\Lib\site-packages\pyspark\bin\..\jars\chill_2.13-0.10.0.jar;C:\Users\dhruv\AppData\Local\Programs\Python\Python311\Lib\site-packages\pyspark\bin\..\jars\commons-cli-1.10.0.jar;C:\Users\dhruv\AppData\Local\Programs\Python\Python311\Lib\site-packages\pyspark\bin\..\jars\commons-codec-1.19.0.jar;C:\Users\dhruv\AppData\Local\Programs\Python\Python311\Lib\site-packages\pyspark\bin\..\jars\commons-collections4-4.5.0.jar;C:\Users\dhruv\AppData\Local\Programs\Python\Python311\Lib\site-packages\pyspark\bin\..\jars\commons-compiler-3.1.9.jar;C:\Users\dhruv\AppData\Local\Programs\Python\Python311\Lib\site-packages\pyspark\bin\..\jars\commons-compress-1.28.0.jar;C:\Users\dhruv\AppData\Local\Programs\Python\Python311\Lib\site-packages\pyspark\bin\..\jars\commons-crypto-1.1.0.jar;C:\Users\dhruv\AppData\Local\Programs\Python\Python311\Lib\site-packages\pyspark\bin\..\jars\commons-dbcp-1.4.jar;C:\Users\dhruv\AppData\Local\Programs\Python\Python311\Lib\site-packages\pyspark\bin\..\jars\commons-io-2.21.0.jar;C:\Users\dhruv\AppData\Local\Programs\Python\Python311\Lib\site-packages\pyspark\bin\..\jars\commons-lang-2.6.jar;C:\Users\dhruv\AppData\Local\Programs\Python\Python311\Lib\site-packages\pyspark\bin\..\jars\commons-lang3-3.19.0.jar;C:\Users\dhruv\AppData\Local\Programs\Python\Python311\Lib\site-packages\pyspark\bin\..\jars\commons-math3-3.6.1.jar;C:\Users\dhruv\AppData\Local\Programs\Python\Python311\Lib\site-packages\pyspark\bin\..\jars\commons-pool-1.5.4.jar;C:\Users\dhruv\AppData\Local\Programs\Python\Python311\Lib\site-packages\pyspark\bin\..\jars\commons-text-1.14.0.jar;C:\Users\dhruv\AppData\Local\Programs\Python\Python311\Lib\site-packages\pyspark\bin\..\jars\compress-lzf-1.1.2.jar;C:\Users\dhruv\AppData\Local\Programs\Python\Python311\Lib\site-packages\pyspark\bin\..\jars\curator-client-5.9.0.jar;C:\Users\dhruv\AppData\Local\Programs\Python\Python311\Lib\site-packages\pyspark\bin\..\jars\curator-framework-5.9.0.jar;C:\Users\dhruv\AppData\Local\Programs\Python\Python311\Lib\site-packages\pyspark\bin\..\jars\curator-recipes-5.9.0.jar;C:\Users\dhruv\AppData\Local\Programs\Python\Python311\Lib\site-packages\pyspark\bin\..\jars\datanucleus-api-jdo-4.2.4.jar;C:\Users\dhruv\AppData\Local\Programs\Python\Python311\Lib\site-packages\pyspark\bin\..\jars\datanucleus-core-4.1.17.jar;C:\Users\dhruv\AppData\Local\Programs\Python\Python311\Lib\site-packages\pyspark\bin\..\jars\datanucleus-rdbms-4.1.19.jar;C:\Users\dhruv\AppData\Local\Programs\Python\Python311\Lib\site-packages\pyspark\bin\..\jars\datasketches-java-6.2.0.jar;C:\Users\dhruv\AppData\Local\Programs\Python\Python311\Lib\site-packages\pyspark\bin\..\jars\datasketches-memory-3.0.2.jar;C:\Users\dhruv\AppData\Local\Programs\Python\Python311\Lib\site-packages\pyspark\bin\..\jars\derby-10.16.1.1.jar;C:\Users\dhruv\AppData\Local\Programs\Python\Python311\Lib\site-packages\pyspark\bin\..\jars\derbyshared-10.16.1.1.jar;C:\Users\dhruv\AppData\Local\Programs\Python\Python311\Lib\site-packages\pyspark\bin\..\jars\derbytools-10.16.1.1.jar;C:\Users\dhruv\AppData\Local\Programs\Python\Python311\Lib\site-packages\pyspark\bin\..\jars\dropwizard-metrics-hadoop-metrics2-reporter-0.1.2.jar;C:\Users\dhruv\AppData\Local\Programs\Python\Python311\Lib\site-packages\pyspark\bin\..\jars\failureaccess-1.0.3.jar;C:\Users\dhruv\AppData\Local\Programs\Python\Python311\Lib\site-packages\pyspark\bin\..\jars\flatbuffers-java-25.2.10.jar;C:\Users\dhruv\AppData\Local\Programs\Python\Python311\Lib\site-packages\pyspark\bin\..\jars\gson-2.11.0.jar;C:\Users\dhruv\AppData\Local\Programs\Python\Python311\Lib\site-packages\pyspark\bin\..\jars\guava-33.4.8-jre.jar;C:\Users\dhruv\AppData\Local\Programs\Python\Python311\Lib\site-packages\pyspark\bin\..\jars\hadoop-client-api-3.4.2.jar;C:\Users\dhruv\AppData\Local\Programs\Python\Python311\Lib\site-packages\pyspark\bin\..\jars\hadoop-client-runtime-3.4.2.jar;C:\Users\dhruv\AppData\Local\Programs\Python\Python311\Lib\site-packages\pyspark\bin\..\jars\HikariCP-2.5.1.jar;C:\Users\dhruv\AppData\Local\Programs\Python\Python311\Lib\site-packages\pyspark\bin\..\jars\hive-beeline-2.3.10.jar;C:\Users\dhruv\AppData\Local\Programs\Python\Python311\Lib\site-packages\pyspark\bin\..\jars\hive-cli-2.3.10.jar;C:\Users\dhruv\AppData\Local\Programs\Python\Python311\Lib\site-packages\pyspark\bin\..\jars\hive-common-2.3.10.jar;C:\Users\dhruv\AppData\Local\Programs\Python\Python311\Lib\site-packages\pyspark\bin\..\jars\hive-exec-2.3.10-core.jar;C:\Users\dhruv\AppData\Local\Programs\Python\Python311\Lib\site-packages\pyspark\bin\..\jars\hive-jdbc-2.3.10.jar;C:\Users\dhruv\AppData\Local\Programs\Python\Python311\Lib\site-packages\pyspark\bin\..\jars\hive-metastore-2.3.10.jar;C:\Users\dhruv\AppData\Local\Programs\Python\Python311\Lib\site-packages\pyspark\bin\..\jars\hive-serde-2.3.10.jar;C:\Users\dhruv\AppData\Local\Programs\Python\Python311\Lib\site-packages\pyspark\bin\..\jars\hive-service-rpc-4.0.0.jar;C:\Users\dhruv\AppData\Local\Programs\Python\Python311\Lib\site-packages\pyspark\bin\..\jars\hive-shims-0.23-2.3.10.jar;C:\Users\dhruv\AppData\Local\Programs\Python\Python311\Lib\site-packages\pyspark\bin\..\jars\hive-shims-2.3.10.jar;C:\Users\dhruv\AppData\Local\Programs\Python\Python311\Lib\site-packages\pyspark\bin\..\jars\hive-shims-common-2.3.10.jar;C:\Users\dhruv\AppData\Local\Programs\Python\Python311\Lib\site-packages\pyspark\bin\..\jars\hive-shims-scheduler-2.3.10.jar;C:\Users\dhruv\AppData\Local\Programs\Python\Python311\Lib\site-packages\pyspark\bin\..\jars\hive-storage-api-2.8.1.jar;C:\Users\dhruv\AppData\Local\Programs\Python\Python311\Lib\site-packages\pyspark\bin\..\jars\hk2-api-3.0.6.jar;C:\Users\dhruv\AppData\Local\Programs\Python\Python311\Lib\site-packages\pyspark\bin\..\jars\hk2-locator-3.0.6.jar;C:\Users\dhruv\AppData\Local\Programs\Python\Python311\Lib\site-packages\pyspark\bin\..\jars\hk2-utils-3.0.6.jar;C:\Users\dhruv\AppData\Local\Programs\Python\Python311\Lib\site-packages\pyspark\bin\..\jars\httpclient-4.5.14.jar;C:\Users\dhruv\AppData\Local\Programs\Python\Python311\Lib\site-packages\pyspark\bin\..\jars\httpcore-4.4.16.jar;C:\Users\dhruv\AppData\Local\Programs\Python\Python311\Lib\site-packages\pyspark\bin\..\jars\icu4j-77.1.jar;C:\Users\dhruv\AppData\Local\Programs\Python\Python311\Lib\site-packages\pyspark\bin\..\jars\istack-commons-runtime-4.1.2.jar;C:\Users\dhruv\AppData\Local\Programs\Python\Python311\Lib\site-packages\pyspark\bin\..\jars\ivy-2.5.3.jar;C:\Users\dhruv\AppData\Local\Programs\Python\Python311\Lib\site-packages\pyspark\bin\..\jars\jackson-annotations-2.20.jar;C:\Users\dhruv\AppData\Local\Programs\Python\Python311\Lib\site-packages\pyspark\bin\..\jars\jackson-core-2.20.0.jar;C:\Users\dhruv\AppData\Local\Programs\Python\Python311\Lib\site-packages\pyspark\bin\..\jars\jackson-databind-2.20.0.jar;C:\Users\dhruv\AppData\Local\Programs\Python\Python311\Lib\site-packages\pyspark\bin\..\jars\jackson-dataformat-yaml-2.20.0.jar;C:\Users\dhruv\AppData\Local\Programs\Python\Python311\Lib\site-packages\pyspark\bin\..\jars\jackson-datatype-jsr310-2.20.0.jar;C:\Users\dhruv\AppData\Local\Programs\Python\Python311\Lib\site-packages\pyspark\bin\..\jars\jackson-module-scala_2.13-2.20.0.jar;C:\Users\dhruv\AppData\Local\Programs\Python\Python311\Lib\site-packages\pyspark\bin\..\jars\jakarta.activation-api-2.1.3.jar;C:\Users\dhruv\AppData\Local\Programs\Python\Python311\Lib\site-packages\pyspark\bin\..\jars\jakarta.annotation-api-2.1.1.jar;C:\Users\dhruv\AppData\Local\Programs\Python\Python311\Lib\site-packages\pyspark\bin\..\jars\jakarta.inject-api-2.0.1.jar;C:\Users\dhruv\AppData\Local\Programs\Python\Python311\Lib\site-packages\pyspark\bin\..\jars\jakarta.servlet-api-5.0.0.jar;C:\Users\dhruv\AppData\Local\Programs\Python\Python311\Lib\site-packages\pyspark\bin\..\jars\jakarta.validation-api-3.0.2.jar;C:\Users\dhruv\AppData\Local\Programs\Python\Python311\Lib\site-packages\pyspark\bin\..\jars\jakarta.ws.rs-api-3.0.0.jar;C:\Users\dhruv\AppData\Local\Programs\Python\Python311\Lib\site-packages\pyspark\bin\..\jars\jakarta.xml.bind-api-4.0.2.jar;C:\Users\dhruv\AppData\Local\Programs\Python\Python311\Lib\site-packages\pyspark\bin\..\jars\janino-3.1.9.jar;C:\Users\dhruv\AppData\Local\Programs\Python\Python311\Lib\site-packages\pyspark\bin\..\jars\java-diff-utils-4.16.jar;C:\Users\dhruv\AppData\Local\Programs\Python\Python311\Lib\site-packages\pyspark\bin\..\jars\javassist-3.30.2-GA.jar;C:\Users\dhruv\AppData\Local\Programs\Python\Python311\Lib\site-packages\pyspark\bin\..\jars\javax.jdo-3.2.0-m3.jar;C:\Users\dhruv\AppData\Local\Programs\Python\Python311\Lib\site-packages\pyspark\bin\..\jars\javax.servlet-api-4.0.1.jar;C:\Users\dhruv\AppData\Local\Programs\Python\Python311\Lib\site-packages\pyspark\bin\..\jars\javolution-5.5.1.jar;C:\Users\dhruv\AppData\Local\Programs\Python\Python311\Lib\site-packages\pyspark\bin\..\jars\jaxb-core-4.0.5.jar;C:\Users\dhruv\AppData\Local\Programs\Python\Python311\Lib\site-packages\pyspark\bin\..\jars\jaxb-runtime-4.0.5.jar;C:\Users\dhruv\AppData\Local\Programs\Python\Python311\Lib\site-packages\pyspark\bin\..\jars\jcl-over-slf4j-2.0.17.jar;C:\Users\dhruv\AppData\Local\Programs\Python\Python311\Lib\site-packages\pyspark\bin\..\jars\jdo-api-3.0.1.jar;C:\Users\dhruv\AppData\Local\Programs\Python\Python311\Lib\site-packages\pyspark\bin\..\jars\jersey-client-3.0.18.jar;C:\Users\dhruv\AppData\Local\Programs\Python\Python311\Lib\site-packages\pyspark\bin\..\jars\jersey-common-3.0.18.jar;C:\Users\dhruv\AppData\Local\Programs\Python\Python311\Lib\site-packages\pyspark\bin\..\jars\jersey-container-servlet-3.0.18.jar;C:\Users\dhruv\AppData\Local\Programs\Python\Python311\Lib\site-packages\pyspark\bin\..\jars\jersey-container-servlet-core-3.0.18.jar;C:\Users\dhruv\AppData\Local\Programs\Python\Python311\Lib\site-packages\pyspark\bin\..\jars\jersey-hk2-3.0.18.jar;C:\Users\dhruv\AppData\Local\Programs\Python\Python311\Lib\site-packages\pyspark\bin\..\jars\jersey-server-3.0.18.jar;C:\Users\dhruv\AppData\Local\Programs\Python\Python311\Lib\site-packages\pyspark\bin\..\jars\jjwt-api-0.12.6.jar;C:\Users\dhruv\AppData\Local\Programs\Python\Python311\Lib\site-packages\pyspark\bin\..\jars\jjwt-impl-0.12.6.jar;C:\Users\dhruv\AppData\Local\Programs\Python\Python311\Lib\site-packages\pyspark\bin\..\jars\jjwt-jackson-0.12.6.jar;C:\Users\dhruv\AppData\Local\Programs\Python\Python311\Lib\site-packages\pyspark\bin\..\jars\JLargeArrays-1.5.jar;C:\Users\dhruv\AppData\Local\Programs\Python\Python311\Lib\site-packages\pyspark\bin\..\jars\jline-2.14.6.jar;C:\Users\dhruv\AppData\Local\Programs\Python\Python311\Lib\site-packages\pyspark\bin\..\jars\jline-3.29.0-jdk8.jar;C:\Users\dhruv\AppData\Local\Programs\Python\Python311\Lib\site-packages\pyspark\bin\..\jars\joda-time-2.14.0.jar;C:\Users\dhruv\AppData\Local\Programs\Python\Python311\Lib\site-packages\pyspark\bin\..\jars\jpam-1.1.jar;C:\Users\dhruv\AppData\Local\Programs\Python\Python311\Lib\site-packages\pyspark\bin\..\jars\json-1.8.jar;C:\Users\dhruv\AppData\Local\Programs\Python\Python311\Lib\site-packages\pyspark\bin\..\jars\json4s-ast_2.13-4.0.7.jar;C:\Users\dhruv\AppData\Local\Programs\Python\Python311\Lib\site-packages\pyspark\bin\..\jars\json4s-core_2.13-4.0.7.jar;C:\Users\dhruv\AppData\Local\Programs\Python\Python311\Lib\site-packages\pyspark\bin\..\jars\json4s-jackson-core_2.13-4.0.7.jar;C:\Users\dhruv\AppData\Local\Programs\Python\Python311\Lib\site-packages\pyspark\bin\..\jars\json4s-jackson_2.13-4.0.7.jar;C:\Users\dhruv\AppData\Local\Programs\Python\Python311\Lib\site-packages\pyspark\bin\..\jars\json4s-scalap_2.13-4.0.7.jar;C:\Users\dhruv\AppData\Local\Programs\Python\Python311\Lib\site-packages\pyspark\bin\..\jars\jsr305-3.0.0.jar;C:\Users\dhruv\AppData\Local\Programs\Python\Python311\Lib\site-packages\pyspark\bin\..\jars\jta-1.1.jar;C:\Users\dhruv\AppData\Local\Programs\Python\Python311\Lib\site-packages\pyspark\bin\..\jars\JTransforms-3.1.jar;C:\Users\dhruv\AppData\Local\Programs\Python\Python311\Lib\site-packages\pyspark\bin\..\jars\jts-core-1.20.0.jar;C:\Users\dhruv\AppData\Local\Programs\Python\Python311\Lib\site-packages\pyspark\bin\..\jars\jul-to-slf4j-2.0.17.jar;C:\Users\dhruv\AppData\Local\Programs\Python\Python311\Lib\site-packages\pyspark\bin\..\jars\kryo-shaded-4.0.3.jar;C:\Users\dhruv\AppData\Local\Programs\Python\Python311\Lib\site-packages\pyspark\bin\..\jars\kubernetes-client-7.4.0.jar;C:\Users\dhruv\AppData\Local\Programs\Python\Python311\Lib\site-packages\pyspark\bin\..\jars\kubernetes-client-api-7.4.0.jar;C:\Users\dhruv\AppData\Local\Programs\Python\Python311\Lib\site-packages\pyspark\bin\..\jars\kubernetes-httpclient-vertx-7.4.0.jar;C:\Users\dhruv\AppData\Local\Programs\Python\Python311\Lib\site-packages\pyspark\bin\..\jars\kubernetes-model-admissionregistration-7.4.0.jar;C:\Users\dhruv\AppData\Local\Programs\Python\Python311\Lib\site-packages\pyspark\bin\..\jars\kubernetes-model-apiextensions-7.4.0.jar;C:\Users\dhruv\AppData\Local\Programs\Python\Python311\Lib\site-packages\pyspark\bin\..\jars\kubernetes-model-apps-7.4.0.jar;C:\Users\dhruv\AppData\Local\Programs\Python\Python311\Lib\site-packages\pyspark\bin\..\jars\kubernetes-model-autoscaling-7.4.0.jar;C:\Users\dhruv\AppData\Local\Programs\Python\Python311\Lib\site-packages\pyspark\bin\..\jars\kubernetes-model-batch-7.4.0.jar;C:\Users\dhruv\AppData\Local\Programs\Python\Python311\Lib\site-packages\pyspark\bin\..\jars\kubernetes-model-certificates-7.4.0.jar;C:\Users\dhruv\AppData\Local\Programs\Python\Python311\Lib\site-packages\pyspark\bin\..\jars\kubernetes-model-common-7.4.0.jar;C:\Users\dhruv\AppData\Local\Programs\Python\Python311\Lib\site-packages\pyspark\bin\..\jars\kubernetes-model-coordination-7.4.0.jar;C:\Users\dhruv\AppData\Local\Programs\Python\Python311\Lib\site-packages\pyspark\bin\..\jars\kubernetes-model-core-7.4.0.jar;C:\Users\dhruv\AppData\Local\Programs\Python\Python311\Lib\site-packages\pyspark\bin\..\jars\kubernetes-model-discovery-7.4.0.jar;C:\Users\dhruv\AppData\Local\Programs\Python\Python311\Lib\site-packages\pyspark\bin\..\jars\kubernetes-model-events-7.4.0.jar;C:\Users\dhruv\AppData\Local\Programs\Python\Python311\Lib\site-packages\pyspark\bin\..\jars\kubernetes-model-extensions-7.4.0.jar;C:\Users\dhruv\AppData\Local\Programs\Python\Python311\Lib\site-packages\pyspark\bin\..\jars\kubernetes-model-flowcontrol-7.4.0.jar;C:\Users\dhruv\AppData\Local\Programs\Python\Python311\Lib\site-packages\pyspark\bin\..\jars\kubernetes-model-gatewayapi-7.4.0.jar;C:\Users\dhruv\AppData\Local\Programs\Python\Python311\Lib\site-packages\pyspark\bin\..\jars\kubernetes-model-metrics-7.4.0.jar;C:\Users\dhruv\AppData\Local\Programs\Python\Python311\Lib\site-packages\pyspark\bin\..\jars\kubernetes-model-networking-7.4.0.jar;C:\Users\dhruv\AppData\Local\Programs\Python\Python311\Lib\site-packages\pyspark\bin\..\jars\kubernetes-model-node-7.4.0.jar;C:\Users\dhruv\AppData\Local\Programs\Python\Python311\Lib\site-packages\pyspark\bin\..\jars\kubernetes-model-policy-7.4.0.jar;C:\Users\dhruv\AppData\Local\Programs\Python\Python311\Lib\site-packages\pyspark\bin\..\jars\kubernetes-model-rbac-7.4.0.jar;C:\Users\dhruv\AppData\Local\Programs\Python\Python311\Lib\site-packages\pyspark\bin\..\jars\kubernetes-model-resource-7.4.0.jar;C:\Users\dhruv\AppData\Local\Programs\Python\Python311\Lib\site-packages\pyspark\bin\..\jars\kubernetes-model-scheduling-7.4.0.jar;C:\Users\dhruv\AppData\Local\Programs\Python\Python311\Lib\site-packages\pyspark\bin\..\jars\kubernetes-model-storageclass-7.4.0.jar;C:\Users\dhruv\AppData\Local\Programs\Python\Python311\Lib\site-packages\pyspark\bin\..\jars\lapack-3.0.4.jar;C:\Users\dhruv\AppData\Local\Programs\Python\Python311\Lib\site-packages\pyspark\bin\..\jars\leveldbjni-all-1.8.jar;C:\Users\dhruv\AppData\Local\Programs\Python\Python311\Lib\site-packages\pyspark\bin\..\jars\libfb303-0.9.3.jar;C:\Users\dhruv\AppData\Local\Programs\Python\Python311\Lib\site-packages\pyspark\bin\..\jars\libthrift-0.16.0.jar;C:\Users\dhruv\AppData\Local\Programs\Python\Python311\Lib\site-packages\pyspark\bin\..\jars\log4j-1.2-api-2.24.3.jar;C:\Users\dhruv\AppData\Local\Programs\Python\Python311\Lib\site-packages\pyspark\bin\..\jars\log4j-api-2.24.3.jar;C:\Users\dhruv\AppData\Local\Programs\Python\Python311\Lib\site-packages\pyspark\bin\..\jars\log4j-core-2.24.3.jar;C:\Users\dhruv\AppData\Local\Programs\Python\Python311\Lib\site-packages\pyspark\bin\..\jars\log4j-layout-template-json-2.24.3.jar;C:\Users\dhruv\AppData\Local\Programs\Python\Python311\Lib\site-packages\pyspark\bin\..\jars\log4j-slf4j2-impl-2.24.3.jar;C:\Users\dhruv\AppData\Local\Programs\Python\Python311\Lib\site-packages\pyspark\bin\..\jars\lz4-java-1.8.0.jar;C:\Users\dhruv\AppData\Local\Programs\Python\Python311\Lib\site-packages\pyspark\bin\..\jars\metrics-core-4.2.37.jar;C:\Users\dhruv\AppData\Local\Programs\Python\Python311\Lib\site-packages\pyspark\bin\..\jars\metrics-graphite-4.2.37.jar;C:\Users\dhruv\AppData\Local\Programs\Python\Python311\Lib\site-packages\pyspark\bin\..\jars\metrics-jmx-4.2.37.jar;C:\Users\dhruv\AppData\Local\Programs\Python\Python311\Lib\site-packages\pyspark\bin\..\jars\metrics-json-4.2.37.jar;C:\Users\dhruv\AppData\Local\Programs\Python\Python311\Lib\site-packages\pyspark\bin\..\jars\metrics-jvm-4.2.37.jar;C:\Users\dhruv\AppData\Local\Programs\Python\Python311\Lib\site-packages\pyspark\bin\..\jars\minlog-1.3.0.jar;C:\Users\dhruv\AppData\Local\Programs\Python\Python311\Lib\site-packages\pyspark\bin\..\jars\netty-all-4.2.7.Final.jar;C:\Users\dhruv\AppData\Local\Programs\Python\Python311\Lib\site-packages\pyspark\bin\..\jars\netty-buffer-4.2.7.Final.jar;C:\Users\dhruv\AppData\Local\Programs\Python\Python311\Lib\site-packages\pyspark\bin\..\jars\netty-codec-4.2.7.Final.jar;C:\Users\dhruv\AppData\Local\Programs\Python\Python311\Lib\site-packages\pyspark\bin\..\jars\netty-codec-base-4.2.7.Final.jar;C:\Users\dhruv\AppData\Local\Programs\Python\Python311\Lib\site-packages\pyspark\bin\..\jars\netty-codec-classes-quic-4.2.7.Final.jar;C:\Users\dhruv\AppData\Local\Programs\Python\Python311\Lib\site-packages\pyspark\bin\..\jars\netty-codec-compression-4.2.7.Final.jar;C:\Users\dhruv\AppData\Local\Programs\Python\Python311\Lib\site-packages\pyspark\bin\..\jars\netty-codec-dns-4.2.7.Final.jar;C:\Users\dhruv\AppData\Local\Programs\Python\Python311\Lib\site-packages\pyspark\bin\..\jars\netty-codec-http-4.2.7.Final.jar;C:\Users\dhruv\AppData\Local\Programs\Python\Python311\Lib\site-packages\pyspark\bin\..\jars\netty-codec-http2-4.2.7.Final.jar;C:\Users\dhruv\AppData\Local\Programs\Python\Python311\Lib\site-packages\pyspark\bin\..\jars\netty-codec-http3-4.2.7.Final.jar;C:\Users\dhruv\AppData\Local\Programs\Python\Python311\Lib\site-packages\pyspark\bin\..\jars\netty-codec-marshalling-4.2.7.Final.jar;C:\Users\dhruv\AppData\Local\Programs\Python\Python311\Lib\site-packages\pyspark\bin\..\jars\netty-codec-native-quic-4.2.7.Final-linux-aarch_64.jar;C:\Users\dhruv\AppData\Local\Programs\Python\Python311\Lib\site-packages\pyspark\bin\..\jars\netty-codec-native-quic-4.2.7.Final-linux-x86_64.jar;C:\Users\dhruv\AppData\Local\Programs\Python\Python311\Lib\site-packages\pyspark\bin\..\jars\netty-codec-native-quic-4.2.7.Final-osx-aarch_64.jar;C:\Users\dhruv\AppData\Local\Programs\Python\Python311\Lib\site-packages\pyspark\bin\..\jars\netty-codec-native-quic-4.2.7.Final-osx-x86_64.jar;C:\Users\dhruv\AppData\Local\Programs\Python\Python311\Lib\site-packages\pyspark\bin\..\jars\netty-codec-native-quic-4.2.7.Final-windows-x86_64.jar;C:\Users\dhruv\AppData\Local\Programs\Python\Python311\Lib\site-packages\pyspark\bin\..\jars\netty-codec-protobuf-4.2.7.Final.jar;C:\Users\dhruv\AppData\Local\Programs\Python\Python311\Lib\site-packages\pyspark\bin\..\jars\netty-codec-socks-4.2.7.Final.jar;C:\Users\dhruv\AppData\Local\Programs\Python\Python311\Lib\site-packages\pyspark\bin\..\jars\netty-common-4.2.7.Final.jar;C:\Users\dhruv\AppData\Local\Programs\Python\Python311\Lib\site-packages\pyspark\bin\..\jars\netty-handler-4.2.7.Final.jar;C:\Users\dhruv\AppData\Local\Programs\Python\Python311\Lib\site-packages\pyspark\bin\..\jars\netty-handler-proxy-4.2.7.Final.jar;C:\Users\dhruv\AppData\Local\Programs\Python\Python311\Lib\site-packages\pyspark\bin\..\jars\netty-resolver-4.2.7.Final.jar;C:\Users\dhruv\AppData\Local\Programs\Python\Python311\Lib\site-packages\pyspark\bin\..\jars\netty-resolver-dns-4.2.7.Final.jar;C:\Users\dhruv\AppData\Local\Programs\Python\Python311\Lib\site-packages\pyspark\bin\..\jars\netty-tcnative-boringssl-static-2.0.74.Final-linux-aarch_64.jar;C:\Users\dhruv\AppData\Local\Programs\Python\Python311\Lib\site-packages\pyspark\bin\..\jars\netty-tcnative-boringssl-static-2.0.74.Final-linux-x86_64.jar;C:\Users\dhruv\AppData\Local\Programs\Python\Python311\Lib\site-packages\pyspark\bin\..\jars\netty-tcnative-boringssl-static-2.0.74.Final-osx-aarch_64.jar;C:\Users\dhruv\AppData\Local\Programs\Python\Python311\Lib\site-packages\pyspark\bin\..\jars\netty-tcnative-boringssl-static-2.0.74.Final-osx-x86_64.jar;C:\Users\dhruv\AppData\Local\Programs\Python\Python311\Lib\site-packages\pyspark\bin\..\jars\netty-tcnative-boringssl-static-2.0.74.Final-windows-x86_64.jar;C:\Users\dhruv\AppData\Local\Programs\Python\Python311\Lib\site-packages\pyspark\bin\..\jars\netty-tcnative-classes-2.0.74.Final.jar;C:\Users\dhruv\AppData\Local\Programs\Python\Python311\Lib\site-packages\pyspark\bin\..\jars\netty-transport-4.2.7.Final.jar;C:\Users\dhruv\AppData\Local\Programs\Python\Python311\Lib\site-packages\pyspark\bin\..\jars\netty-transport-classes-epoll-4.2.7.Final.jar;C:\Users\dhruv\AppData\Local\Programs\Python\Python311\Lib\site-packages\pyspark\bin\..\jars\netty-transport-classes-io_uring-4.2.7.Final.jar;C:\Users\dhruv\AppData\Local\Programs\Python\Python311\Lib\site-packages\pyspark\bin\..\jars\netty-transport-classes-kqueue-4.2.7.Final.jar;C:\Users\dhruv\AppData\Local\Programs\Python\Python311\Lib\site-packages\pyspark\bin\..\jars\netty-transport-native-epoll-4.2.7.Final-linux-aarch_64.jar;C:\Users\dhruv\AppData\Local\Programs\Python\Python311\Lib\site-packages\pyspark\bin\..\jars\netty-transport-native-epoll-4.2.7.Final-linux-riscv64.jar;C:\Users\dhruv\AppData\Local\Programs\Python\Python311\Lib\site-packages\pyspark\bin\..\jars\netty-transport-native-epoll-4.2.7.Final-linux-x86_64.jar;C:\Users\dhruv\AppData\Local\Programs\Python\Python311\Lib\site-packages\pyspark\bin\..\jars\netty-transport-native-io_uring-4.2.7.Final-linux-aarch_64.jar;C:\Users\dhruv\AppData\Local\Programs\Python\Python311\Lib\site-packages\pyspark\bin\..\jars\netty-transport-native-io_uring-4.2.7.Final-linux-riscv64.jar;C:\Users\dhruv\AppData\Local\Programs\Python\Python311\Lib\site-packages\pyspark\bin\..\jars\netty-transport-native-io_uring-4.2.7.Final-linux-x86_64.jar;C:\Users\dhruv\AppData\Local\Programs\Python\Python311\Lib\site-packages\pyspark\bin\..\jars\netty-transport-native-kqueue-4.2.7.Final-osx-aarch_64.jar;C:\Users\dhruv\AppData\Local\Programs\Python\Python311\Lib\site-packages\pyspark\bin\..\jars\netty-transport-native-kqueue-4.2.7.Final-osx-x86_64.jar;C:\Users\dhruv\AppData\Local\Programs\Python\Python311\Lib\site-packages\pyspark\bin\..\jars\netty-transport-native-unix-common-4.2.7.Final.jar;C:\Users\dhruv\AppData\Local\Programs\Python\Python311\Lib\site-packages\pyspark\bin\..\jars\objenesis-3.4.jar;C:\Users\dhruv\AppData\Local\Programs\Python\Python311\Lib\site-packages\pyspark\bin\..\jars\opencsv-2.3.jar;C:\Users\dhruv\AppData\Local\Programs\Python\Python311\Lib\site-packages\pyspark\bin\..\jars\orc-core-2.2.1-shaded-protobuf.jar;C:\Users\dhruv\AppData\Local\Programs\Python\Python311\Lib\site-packages\pyspark\bin\..\jars\orc-format-1.1.1-shaded-protobuf.jar;C:\Users\dhruv\AppData\Local\Programs\Python\Python311\Lib\site-packages\pyspark\bin\..\jars\orc-mapreduce-2.2.1-shaded-protobuf.jar;C:\Users\dhruv\AppData\Local\Programs\Python\Python311\Lib\site-packages\pyspark\bin\..\jars\orc-shims-2.2.1.jar;C:\Users\dhruv\AppData\Local\Programs\Python\Python311\Lib\site-packages\pyspark\bin\..\jars\oro-2.0.8.jar;C:\Users\dhruv\AppData\Local\Programs\Python\Python311\Lib\site-packages\pyspark\bin\..\jars\osgi-resource-locator-1.0.3.jar;C:\Users\dhruv\AppData\Local\Programs\Python\Python311\Lib\site-packages\pyspark\bin\..\jars\paranamer-2.8.3.jar;C:\Users\dhruv\AppData\Local\Programs\Python\Python311\Lib\site-packages\pyspark\bin\..\jars\parquet-column-1.16.0.jar;C:\Users\dhruv\AppData\Local\Programs\Python\Python311\Lib\site-packages\pyspark\bin\..\jars\parquet-common-1.16.0.jar;C:\Users\dhruv\AppData\Local\Programs\Python\Python311\Lib\site-packages\pyspark\bin\..\jars\parquet-encoding-1.16.0.jar;C:\Users\dhruv\AppData\Local\Programs\Python\Python311\Lib\site-packages\pyspark\bin\..\jars\parquet-format-structures-1.16.0.jar;C:\Users\dhruv\AppData\Local\Programs\Python\Python311\Lib\site-packages\pyspark\bin\..\jars\parquet-hadoop-1.16.0.jar;C:\Users\dhruv\AppData\Local\Programs\Python\Python311\Lib\site-packages\pyspark\bin\..\jars\parquet-jackson-1.16.0.jar;C:\Users\dhruv\AppData\Local\Programs\Python\Python311\Lib\site-packages\pyspark\bin\..\jars\pickle-1.5.jar;C:\Users\dhruv\AppData\Local\Programs\Python\Python311\Lib\site-packages\pyspark\bin\..\jars\py4j-0.10.9.9.jar;C:\Users\dhruv\AppData\Local\Programs\Python\Python311\Lib\site-packages\pyspark\bin\..\jars\RoaringBitmap-1.3.0.jar;C:\Users\dhruv\AppData\Local\Programs\Python\Python311\Lib\site-packages\pyspark\bin\..\jars\rocksdbjni-9.8.4.jar;C:\Users\dhruv\AppData\Local\Programs\Python\Python311\Lib\site-packages\pyspark\bin\..\jars\scala-compiler-2.13.17.jar;C:\Users\dhruv\AppData\Local\Programs\Python\Python311\Lib\site-packages\pyspark\bin\..\jars\scala-library-2.13.17.jar;C:\Users\dhruv\AppData\Local\Programs\Python\Python311\Lib\site-packages\pyspark\bin\..\jars\scala-parallel-collections_2.13-1.2.0.jar;C:\Users\dhruv\AppData\Local\Programs\Python\Python311\Lib\site-packages\pyspark\bin\..\jars\scala-parser-combinators_2.13-2.4.0.jar;C:\Users\dhruv\AppData\Local\Programs\Python\Python311\Lib\site-packages\pyspark\bin\..\jars\scala-reflect-2.13.17.jar;C:\Users\dhruv\AppData\Local\Programs\Python\Python311\Lib\site-packages\pyspark\bin\..\jars\scala-xml_2.13-2.4.0.jar;C:\Users\dhruv\AppData\Local\Programs\Python\Python311\Lib\site-packages\pyspark\bin\..\jars\slf4j-api-2.0.17.jar;C:\Users\dhruv\AppData\Local\Programs\Python\Python311\Lib\site-packages\pyspark\bin\..\jars\snakeyaml-2.4.jar;C:\Users\dhruv\AppData\Local\Programs\Python\Python311\Lib\site-packages\pyspark\bin\..\jars\snakeyaml-engine-2.10.jar;C:\Users\dhruv\AppData\Local\Programs\Python\Python311\Lib\site-packages\pyspark\bin\..\jars\snappy-java-1.1.10.8.jar;C:\Users\dhruv\AppData\Local\Programs\Python\Python311\Lib\site-packages\pyspark\bin\..\jars\spark-catalyst_2.13-4.1.1.jar;C:\Users\dhruv\AppData\Local\Programs\Python\Python311\Lib\site-packages\pyspark\bin\..\jars\spark-common-utils-java_2.13-4.1.1.jar;C:\Users\dhruv\AppData\Local\Programs\Python\Python311\Lib\site-packages\pyspark\bin\..\jars\spark-common-utils_2.13-4.1.1.jar;C:\Users\dhruv\AppData\Local\Programs\Python\Python311\Lib\site-packages\pyspark\bin\..\jars\spark-connect_2.13-4.1.1.jar;C:\Users\dhruv\AppData\Local\Programs\Python\Python311\Lib\site-packages\pyspark\bin\..\jars\spark-core_2.13-4.1.1.jar;C:\Users\dhruv\AppData\Local\Programs\Python\Python311\Lib\site-packages\pyspark\bin\..\jars\spark-graphx_2.13-4.1.1.jar;C:\Users\dhruv\AppData\Local\Programs\Python\Python311\Lib\site-packages\pyspark\bin\..\jars\spark-hive-thriftserver_2.13-4.1.1.jar;C:\Users\dhruv\AppData\Local\Programs\Python\Python311\Lib\site-packages\pyspark\bin\..\jars\spark-hive_2.13-4.1.1.jar;C:\Users\dhruv\AppData\Local\Programs\Python\Python311\Lib\site-packages\pyspark\bin\..\jars\spark-kubernetes_2.13-4.1.1.jar;C:\Users\dhruv\AppData\Local\Programs\Python\Python311\Lib\site-packages\pyspark\bin\..\jars\spark-kvstore_2.13-4.1.1.jar;C:\Users\dhruv\AppData\Local\Programs\Python\Python311\Lib\site-packages\pyspark\bin\..\jars\spark-launcher_2.13-4.1.1.jar;C:\Users\dhruv\AppData\Local\Programs\Python\Python311\Lib\site-packages\pyspark\bin\..\jars\spark-mllib-local_2.13-4.1.1.jar;C:\Users\dhruv\AppData\Local\Programs\Python\Python311\Lib\site-packages\pyspark\bin\..\jars\spark-mllib_2.13-4.1.1.jar;C:\Users\dhruv\AppData\Local\Programs\Python\Python311\Lib\site-packages\pyspark\bin\..\jars\spark-network-common_2.13-4.1.1.jar;C:\Users\dhruv\AppData\Local\Programs\Python\Python311\Lib\site-packages\pyspark\bin\..\jars\spark-network-shuffle_2.13-4.1.1.jar;C:\Users\dhruv\AppData\Local\Programs\Python\Python311\Lib\site-packages\pyspark\bin\..\jars\spark-pipelines_2.13-4.1.1.jar;C:\Users\dhruv\AppData\Local\Programs\Python\Python311\Lib\site-packages\pyspark\bin\..\jars\spark-repl_2.13-4.1.1.jar;C:\Users\dhruv\AppData\Local\Programs\Python\Python311\Lib\site-packages\pyspark\bin\..\jars\spark-sketch_2.13-4.1.1.jar;C:\Users\dhruv\AppData\Local\Programs\Python\Python311\Lib\site-packages\pyspark\bin\..\jars\spark-sql-api_2.13-4.1.1.jar;C:\Users\dhruv\AppData\Local\Programs\Python\Python311\Lib\site-packages\pyspark\bin\..\jars\spark-sql_2.13-4.1.1.jar;C:\Users\dhruv\AppData\Local\Programs\Python\Python311\Lib\site-packages\pyspark\bin\..\jars\spark-streaming_2.13-4.1.1.jar;C:\Users\dhruv\AppData\Local\Programs\Python\Python311\Lib\site-packages\pyspark\bin\..\jars\spark-tags_2.13-4.1.1.jar;C:\Users\dhruv\AppData\Local\Programs\Python\Python311\Lib\site-packages\pyspark\bin\..\jars\spark-unsafe_2.13-4.1.1.jar;C:\Users\dhruv\AppData\Local\Programs\Python\Python311\Lib\site-packages\pyspark\bin\..\jars\spark-variant_2.13-4.1.1.jar;C:\Users\dhruv\AppData\Local\Programs\Python\Python311\Lib\site-packages\pyspark\bin\..\jars\spark-yarn_2.13-4.1.1.jar;C:\Users\dhruv\AppData\Local\Programs\Python\Python311\Lib\site-packages\pyspark\bin\..\jars\spire-macros_2.13-0.18.0.jar;C:\Users\dhruv\AppData\Local\Programs\Python\Python311\Lib\site-packages\pyspark\bin\..\jars\spire-platform_2.13-0.18.0.jar;C:\Users\dhruv\AppData\Local\Programs\Python\Python311\Lib\site-packages\pyspark\bin\..\jars\spire-util_2.13-0.18.0.jar;C:\Users\dhruv\AppData\Local\Programs\Python\Python311\Lib\site-packages\pyspark\bin\..\jars\spire_2.13-0.18.0.jar;C:\Users\dhruv\AppData\Local\Programs\Python\Python311\Lib\site-packages\pyspark\bin\..\jars\ST4-4.0.4.jar;C:\Users\dhruv\AppData\Local\Programs\Python\Python311\Lib\site-packages\pyspark\bin\..\jars\stax-api-1.0.1.jar;C:\Users\dhruv\AppData\Local\Programs\Python\Python311\Lib\site-packages\pyspark\bin\..\jars\stream-2.9.8.jar;C:\Users\dhruv\AppData\Local\Programs\Python\Python311\Lib\site-packages\pyspark\bin\..\jars\super-csv-2.2.0.jar;C:\Users\dhruv\AppData\Local\Programs\Python\Python311\Lib\site-packages\pyspark\bin\..\jars\threeten-extra-1.8.0.jar;C:\Users\dhruv\AppData\Local\Programs\Python\Python311\Lib\site-packages\pyspark\bin\..\jars\tink-1.16.0.jar;C:\Users\dhruv\AppData\Local\Programs\Python\Python311\Lib\site-packages\pyspark\bin\..\jars\transaction-api-1.1.jar;C:\Users\dhruv\AppData\Local\Programs\Python\Python311\Lib\site-packages\pyspark\bin\..\jars\univocity-parsers-2.9.1.jar;C:\Users\dhruv\AppData\Local\Programs\Python\Python311\Lib\site-packages\pyspark\bin\..\jars\vertx-auth-common-4.5.14.jar;C:\Users\dhruv\AppData\Local\Programs\Python\Python311\Lib\site-packages\pyspark\bin\..\jars\vertx-core-4.5.14.jar;C:\Users\dhruv\AppData\Local\Programs\Python\Python311\Lib\site-packages\pyspark\bin\..\jars\vertx-web-client-4.5.14.jar;C:\Users\dhruv\AppData\Local\Programs\Python\Python311\Lib\site-packages\pyspark\bin\..\jars\vertx-web-common-4.5.14.jar;C:\Users\dhruv\AppData\Local\Programs\Python\Python311\Lib\site-packages\pyspark\bin\..\jars\xbean-asm9-shaded-4.28.jar;C:\Users\dhruv\AppData\Local\Programs\Python\Python311\Lib\site-packages\pyspark\bin\..\jars\xmlschema-core-2.3.1.jar;C:\Users\dhruv\AppData\Local\Programs\Python\Python311\Lib\site-packages\pyspark\bin\..\jars\xz-1.10.jar;C:\Users\dhruv\AppData\Local\Programs\Python\Python311\Lib\site-packages\pyspark\bin\..\jars\zjsonpatch-7.4.0.jar;C:\Users\dhruv\AppData\Local\Programs\Python\Python311\Lib\site-packages\pyspark\bin\..\jars\zookeeper-3.9.4.jar;C:\Users\dhruv\AppData\Local\Programs\Python\Python311\Lib\site-packages\pyspark\bin\..\jars\zookeeper-jute-3.9.4.jar;C:\Users\dhruv\AppData\Local\Programs\Python\Python311\Lib\site-packages\pyspark\bin\..\jars\zstd-jni-1.5.7-6.jar
Launcher Type: SUN_STANDARD

[Global flags]
     intx CICompilerCount                          = 12                                        {product} {ergonomic}
     uint ConcGCThreads                            = 3                                         {product} {ergonomic}
     uint G1ConcRefinementThreads                  = 13                                        {product} {ergonomic}
   size_t G1HeapRegionSize                         = 1048576                                   {product} {ergonomic}
   size_t InitialHeapSize                          = 134217728                                 {product} {ergonomic}
   size_t MarkStackSize                            = 4194304                                   {product} {ergonomic}
   size_t MarkStackSizeMax                         = 536870912                                 {product} {ergonomic}
   size_t MaxHeapSize                              = 134217728                                 {product} {command line}
   size_t MinHeapDeltaBytes                        = 1048576                                   {product} {ergonomic}
   size_t MinHeapSize                              = 8388608                                   {product} {ergonomic}
    uintx NonNMethodCodeHeapSize                   = 7602176                                {pd product} {ergonomic}
    uintx NonProfiledCodeHeapSize                  = 122093568                              {pd product} {ergonomic}
    uintx ProfiledCodeHeapSize                     = 121962496                              {pd product} {ergonomic}
    uintx ReservedCodeCacheSize                    = 251658240                              {pd product} {ergonomic}
     bool SegmentedCodeCache                       = true                                      {product} {ergonomic}
   size_t SoftMaxHeapSize                          = 134217728                              {manageable} {ergonomic}
     bool UseCompressedOops                        = true                           {product lp64_product} {ergonomic}
     bool UseG1GC                                  = true                                      {product} {ergonomic}
     bool UseLargePagesIndividualAllocation        = false                                  {pd product} {ergonomic}

Logging:
Log output configuration:
 #0: stdout all=warning uptime,level,tags foldmultilines=false
 #1: stderr all=off uptime,level,tags foldmultilines=false

Release file:
<release file has not been read>
Environment Variables:
PATH=C:\Users\dhruv\AppData\Local\Programs\Microsoft VS Code;C:\Program Files\Common Files\Oracle\Java\javapath;C:\Windows\system32;C:\Windows;C:\Windows\System32\Wbem;C:\Windows\System32\WindowsPowerShell\v1.0\;C:\Windows\System32\OpenSSH\;C:\Program Files (x86)\NVIDIA Corporation\PhysX\Common;C:\Program Files\NVIDIA Corporation\NVIDIA NvDLISR;C:\WINDOWS\system32;C:\WINDOWS;C:\WINDOWS\System32\Wbem;C:\WINDOWS\System32\WindowsPowerShell\v1.0\;C:\WINDOWS\System32\OpenSSH\;C:\Program Files\Microsoft SQL Server\170\Tools\Binn\;C:\Program Files\Microsoft SQL Server\Client SDK\ODBC\170\Tools\Binn\;C:\Program Files\dotnet\;C:\mingw64\bin;C:\Users\dhruv\AppData\Local\Programs\Python\Python311\Scripts\;C:\Users\dhruv\AppData\Local\Programs\Python\Python311\;C:\Users\dhruv\.local\bin;C:\Users\dhruv\AppData\Local\Microsoft\WindowsApps;C:\Users\dhruv\AppData\Local\Programs\Microsoft VS Code\bin;C:\Users\dhruv\.dotnet\tools;c:\Users\dhruv\.vscode\extensions\ms-python.debugpy-2026.6.0-win32-x64\bundled\scripts\noConfigScripts
USERNAME=dhruv
LANG=en_US.UTF-8
OS=Windows_NT
PROCESSOR_IDENTIFIER=AMD64 Family 25 Model 68 Stepping 1, AuthenticAMD
TMP=C:\Users\dhruv\AppData\Local\Temp
TEMP=C:\Users\dhruv\AppData\Local\Temp




Compilation memory statistics disabled.

Periodic native trim disabled

---------------  S Y S T E M  ---------------

OS:
 Windows 11 , 64 bit Build 26100 (10.0.26100.8246)
OS uptime: 0 days 14:00 hours

CPU: total 16 (initial active 16) (16 cores per cpu, 2 threads per core) family 25 model 68 stepping 1 microcode 0xa404101, cx8, cmov, fxsr, ht, mmx, 3dnowpref, sse, sse2, sse3, ssse3, sse4a, sse4.1, sse4.2, popcnt, lzcnt, tsc, tscinvbit, avx, avx2, aes, clmul, bmi1, bmi2, adx, sha, fma, vzeroupper, clflush, clflushopt, clwb, rdtscp, rdpid, f16c, pku, cet_ss
Processor Information for the first 16 processors :
  Max Mhz: 3201, Current Mhz: 3201, Mhz Limit: 3201

Memory: 4k page, system-wide physical 15613M (5381M free)
TotalPageFile size 15613M (AvailPageFile size 92M)
current process WorkingSet (physical memory assigned to process): 14M, peak: 14M
current process commit charge ("private bytes"): 70M, peak: 198M

vm_info: Java HotSpot(TM) 64-Bit Server VM (25.0.3+9-LTS-195) for windows-amd64 JRE (25.0.3+9-LTS-195), built on 2026-03-11T00:20:00Z with MS VC++ 17.13 (VS2022)

END.
